已經開始建置於 2021/5/27 下午 09:05:47。
     1>節點 2 (build 目標) 上的專案 "C:\Users\user\OneDrive\桌面\mid2\Q2\Q2.vcxproj"。
     1>InitializeBuildStatus:
         由於指定了 "AlwaysCreate"，因此正在建立 "Debug\Q2.unsuccessfulbuild"。
       ClCompile:
         C:\Program Files (x86)\Microsoft Visual Studio 10.0\VC\bin\CL.exe /c /ZI /nologo /W3 /WX- /Od /Oy- /D _MBCS /Gm /EHsc /RTC1 /MDd /GS /fp:precise /Zc:wchar_t /Zc:forScope /Fo"Debug\\" /Fd"Debug\vc100.pdb" /Gd /TP /analyze- /errorReport:prompt ..\Midterm2\Q2\Cqueue.cpp
         Cqueue.cpp
       Link:
         C:\Program Files (x86)\Microsoft Visual Studio 10.0\VC\bin\link.exe /ERRORREPORT:PROMPT /OUT:"C:\Users\user\OneDrive\桌面\mid2\Q2\Debug\Q2.exe" /NOLOGO kernel32.lib user32.lib gdi32.lib winspool.lib comdlg32.lib advapi32.lib shell32.lib ole32.lib oleaut32.lib uuid.lib odbc32.lib odbccp32.lib /MANIFEST /ManifestFile:"Debug\Q2.exe.intermediate.manifest" /MANIFESTUAC:"level='asInvoker' uiAccess='false'" /DEBUG /PDB:"C:\Users\user\OneDrive\桌面\mid2\Q2\Debug\Q2.pdb" /TLBID:1 /DYNAMICBASE /NXCOMPAT /IMPLIB:"C:\Users\user\OneDrive\桌面\mid2\Q2\Debug\Q2.lib" /MACHINE:X86 Debug\Cqueue.obj
         Debug\Main.obj
         LINK : 最後的累加連結找不到或未建置 C:\Users\user\OneDrive\桌面\mid2\Q2\Debug\Q2.exe，正在執行完整連結
         Q2.vcxproj -> C:\Users\user\OneDrive\桌面\mid2\Q2\Debug\Q2.exe
       Manifest:
         C:\Program Files (x86)\Microsoft SDKs\Windows\v7.0A\bin\mt.exe /nologo /verbose /outputresource:"C:\Users\user\OneDrive\桌面\mid2\Q2\Debug\Q2.exe;#1" /manifest Debug\Q2.exe.intermediate.manifest
       FinalizeBuildStatus:
         正在刪除檔案 "Debug\Q2.unsuccessfulbuild"。
         正在變更時間戳記 "Debug\Q2.lastbuildstate"。
     1>專案 "C:\Users\user\OneDrive\桌面\mid2\Q2\Q2.vcxproj" (build 目標) 建置完成。

建置成功。

經過時間 00:00:00.97
