D:\USERS\WINGO\TEACHING\OBJECTORIENTEDPROGRAMMING\ASSIGNMENTS\HW03_201702\OOP_HW03_SOLUTION_NET2010\BIN\RELEASE\SELFMOTIVATEDSYSTEM.EXE
D:\USERS\WINGO\TEACHING\OBJECTORIENTEDPROGRAMMING\ASSIGNMENTS\HW03_201702\OOP_HW03_SOLUTION_NET2010\RELEASE\BASIC_APP.OBJ
D:\USERS\WINGO\TEACHING\OBJECTORIENTEDPROGRAMMING\ASSIGNMENTS\HW03_201702\OOP_HW03_SOLUTION_NET2010\RELEASE\BASIC_TOOLS.OBJ
D:\USERS\WINGO\TEACHING\OBJECTORIENTEDPROGRAMMING\ASSIGNMENTS\HW03_201702\OOP_HW03_SOLUTION_NET2010\RELEASE\BG_GRID2D.OBJ
D:\USERS\WINGO\TEACHING\OBJECTORIENTEDPROGRAMMING\ASSIGNMENTS\HW03_201702\OOP_HW03_SOLUTION_NET2010\RELEASE\BOARDGAME.OBJ
D:\USERS\WINGO\TEACHING\OBJECTORIENTEDPROGRAMMING\ASSIGNMENTS\HW03_201702\OOP_HW03_SOLUTION_NET2010\RELEASE\BOARDGAMEAPP.OBJ
D:\USERS\WINGO\TEACHING\OBJECTORIENTEDPROGRAMMING\ASSIGNMENTS\HW03_201702\OOP_HW03_SOLUTION_NET2010\RELEASE\CAMERA.OBJ
D:\USERS\WINGO\TEACHING\OBJECTORIENTEDPROGRAMMING\ASSIGNMENTS\HW03_201702\OOP_HW03_SOLUTION_NET2010\RELEASE\FILEREADER.OBJ
D:\USERS\WINGO\TEACHING\OBJECTORIENTEDPROGRAMMING\ASSIGNMENTS\HW03_201702\OOP_HW03_SOLUTION_NET2010\RELEASE\FREECANVAS2D.OBJ
D:\USERS\WINGO\TEACHING\OBJECTORIENTEDPROGRAMMING\ASSIGNMENTS\HW03_201702\OOP_HW03_SOLUTION_NET2010\RELEASE\GRID2D.OBJ
D:\USERS\WINGO\TEACHING\OBJECTORIENTEDPROGRAMMING\ASSIGNMENTS\HW03_201702\OOP_HW03_SOLUTION_NET2010\RELEASE\IMAGEREADER.OBJ
D:\USERS\WINGO\TEACHING\OBJECTORIENTEDPROGRAMMING\ASSIGNMENTS\HW03_201702\OOP_HW03_SOLUTION_NET2010\RELEASE\LATTICE_MANAGER.OBJ
D:\USERS\WINGO\TEACHING\OBJECTORIENTEDPROGRAMMING\ASSIGNMENTS\HW03_201702\OOP_HW03_SOLUTION_NET2010\RELEASE\MAIN.OBJ
D:\USERS\WINGO\TEACHING\OBJECTORIENTEDPROGRAMMING\ASSIGNMENTS\HW03_201702\OOP_HW03_SOLUTION_NET2010\RELEASE\MYBASICTOOLS.OBJ
D:\USERS\WINGO\TEACHING\OBJECTORIENTEDPROGRAMMING\ASSIGNMENTS\HW03_201702\OOP_HW03_SOLUTION_NET2010\RELEASE\MYSYSTEM_2048.OBJ
D:\USERS\WINGO\TEACHING\OBJECTORIENTEDPROGRAMMING\ASSIGNMENTS\HW03_201702\OOP_HW03_SOLUTION_NET2010\RELEASE\MYSYSTEM_2048_DRAW.OBJ
D:\USERS\WINGO\TEACHING\OBJECTORIENTEDPROGRAMMING\ASSIGNMENTS\HW03_201702\OOP_HW03_SOLUTION_NET2010\RELEASE\MYSYSTEM_COLORPALETTE.OBJ
D:\USERS\WINGO\TEACHING\OBJECTORIENTEDPROGRAMMING\ASSIGNMENTS\HW03_201702\OOP_HW03_SOLUTION_NET2010\RELEASE\MYSYSTEM_GALAXYSYSTEM.OBJ
D:\USERS\WINGO\TEACHING\OBJECTORIENTEDPROGRAMMING\ASSIGNMENTS\HW03_201702\OOP_HW03_SOLUTION_NET2010\RELEASE\MYSYSTEM_GRAPHSYSTEM.OBJ
D:\USERS\WINGO\TEACHING\OBJECTORIENTEDPROGRAMMING\ASSIGNMENTS\HW03_201702\OOP_HW03_SOLUTION_NET2010\RELEASE\MYSYSTEM_GRAPHSYSTEM_DRAW.OBJ
D:\USERS\WINGO\TEACHING\OBJECTORIENTEDPROGRAMMING\ASSIGNMENTS\HW03_201702\OOP_HW03_SOLUTION_NET2010\RELEASE\MYSYSTEM_MONTECARLO.OBJ
D:\USERS\WINGO\TEACHING\OBJECTORIENTEDPROGRAMMING\ASSIGNMENTS\HW03_201702\OOP_HW03_SOLUTION_NET2010\RELEASE\MYSYSTEM_SIMPLEFILEEDITOR.OBJ
D:\USERS\WINGO\TEACHING\OBJECTORIENTEDPROGRAMMING\ASSIGNMENTS\HW03_201702\OOP_HW03_SOLUTION_NET2010\RELEASE\MYSYSTEM_SIMPLEPAINTER.OBJ
D:\USERS\WINGO\TEACHING\OBJECTORIENTEDPROGRAMMING\ASSIGNMENTS\HW03_201702\OOP_HW03_SOLUTION_NET2010\RELEASE\MYSYSTEM_SORTINGVISUALIZATION.OBJ
D:\USERS\WINGO\TEACHING\OBJECTORIENTEDPROGRAMMING\ASSIGNMENTS\HW03_201702\OOP_HW03_SOLUTION_NET2010\RELEASE\MYSYSTEM_TRAFFIC.OBJ
D:\USERS\WINGO\TEACHING\OBJECTORIENTEDPROGRAMMING\ASSIGNMENTS\HW03_201702\OOP_HW03_SOLUTION_NET2010\RELEASE\MYSYSTEM_TRAFFIC_DRAW.OBJ
D:\USERS\WINGO\TEACHING\OBJECTORIENTEDPROGRAMMING\ASSIGNMENTS\HW03_201702\OOP_HW03_SOLUTION_NET2010\RELEASE\MYSYSTEMAPP.OBJ
D:\USERS\WINGO\TEACHING\OBJECTORIENTEDPROGRAMMING\ASSIGNMENTS\HW03_201702\OOP_HW03_SOLUTION_NET2010\RELEASE\MYSYSTEMAPP_DRAW.OBJ
D:\USERS\WINGO\TEACHING\OBJECTORIENTEDPROGRAMMING\ASSIGNMENTS\HW03_201702\OOP_HW03_SOLUTION_NET2010\RELEASE\MYSYSTEMAPP_HANDLEEVENTS.OBJ
D:\USERS\WINGO\TEACHING\OBJECTORIENTEDPROGRAMMING\ASSIGNMENTS\HW03_201702\OOP_HW03_SOLUTION_NET2010\RELEASE\OPENGL_STUFF.OBJ
D:\USERS\WINGO\TEACHING\OBJECTORIENTEDPROGRAMMING\ASSIGNMENTS\HW03_201702\OOP_HW03_SOLUTION_NET2010\RELEASE\OPENGLAPP.EVENTS.OBJ
D:\USERS\WINGO\TEACHING\OBJECTORIENTEDPROGRAMMING\ASSIGNMENTS\HW03_201702\OOP_HW03_SOLUTION_NET2010\RELEASE\OPENGLAPP.OBJ
D:\USERS\WINGO\TEACHING\OBJECTORIENTEDPROGRAMMING\ASSIGNMENTS\HW03_201702\OOP_HW03_SOLUTION_NET2010\RELEASE\OPENGLAPP_DRAW.OBJ
D:\USERS\WINGO\TEACHING\OBJECTORIENTEDPROGRAMMING\ASSIGNMENTS\HW03_201702\OOP_HW03_SOLUTION_NET2010\RELEASE\OPENGLAPP_INIT.OBJ
D:\USERS\WINGO\TEACHING\OBJECTORIENTEDPROGRAMMING\ASSIGNMENTS\HW03_201702\OOP_HW03_SOLUTION_NET2010\RELEASE\OPENGLAPP_UPDATE.OBJ
D:\USERS\WINGO\TEACHING\OBJECTORIENTEDPROGRAMMING\ASSIGNMENTS\HW03_201702\OOP_HW03_SOLUTION_NET2010\RELEASE\PAINTER.OBJ
D:\USERS\WINGO\TEACHING\OBJECTORIENTEDPROGRAMMING\ASSIGNMENTS\HW03_201702\OOP_HW03_SOLUTION_NET2010\RELEASE\PAINTER_DRAW.OBJ
D:\USERS\WINGO\TEACHING\OBJECTORIENTEDPROGRAMMING\ASSIGNMENTS\HW03_201702\OOP_HW03_SOLUTION_NET2010\RELEASE\PAINTINGSYSTEM.OBJ
D:\USERS\WINGO\TEACHING\OBJECTORIENTEDPROGRAMMING\ASSIGNMENTS\HW03_201702\OOP_HW03_SOLUTION_NET2010\RELEASE\PAINTINGSYSTEMAPP.OBJ
D:\USERS\WINGO\TEACHING\OBJECTORIENTEDPROGRAMMING\ASSIGNMENTS\HW03_201702\OOP_HW03_SOLUTION_NET2010\RELEASE\PAINTINGSYSTEMAPP_DRAW.OBJ
D:\USERS\WINGO\TEACHING\OBJECTORIENTEDPROGRAMMING\ASSIGNMENTS\HW03_201702\OOP_HW03_SOLUTION_NET2010\RELEASE\PAINTINGSYSTEMAPP_HANDLEEVENTS.OBJ
D:\USERS\WINGO\TEACHING\OBJECTORIENTEDPROGRAMMING\ASSIGNMENTS\HW03_201702\OOP_HW03_SOLUTION_NET2010\RELEASE\PROVIDER.OBJ
D:\USERS\WINGO\TEACHING\OBJECTORIENTEDPROGRAMMING\ASSIGNMENTS\HW03_201702\OOP_HW03_SOLUTION_NET2010\RELEASE\SELFMOTIVATEDSYSTEM.EXE.INTERMEDIATE.MANIFEST
D:\USERS\WINGO\TEACHING\OBJECTORIENTEDPROGRAMMING\ASSIGNMENTS\HW03_201702\OOP_HW03_SOLUTION_NET2010\RELEASE\SELFMOTIVATEDSYSTEM.PDB
D:\USERS\WINGO\TEACHING\OBJECTORIENTEDPROGRAMMING\ASSIGNMENTS\HW03_201702\OOP_HW03_SOLUTION_NET2010\RELEASE\TEXTURE.OBJ
D:\USERS\WINGO\TEACHING\OBJECTORIENTEDPROGRAMMING\ASSIGNMENTS\HW03_201702\OOP_HW03_SOLUTION_NET2010\RELEASE\TEXTUREMANAGER.OBJ
D:\USERS\WINGO\TEACHING\OBJECTORIENTEDPROGRAMMING\ASSIGNMENTS\HW03_201702\OOP_HW03_SOLUTION_NET2010\RELEASE\TEXTUREMANAGER_READ.OBJ
D:\USERS\WINGO\TEACHING\OBJECTORIENTEDPROGRAMMING\ASSIGNMENTS\HW03_201702\OOP_HW03_SOLUTION_NET2010\RELEASE\VC100.PDB
D:\USERS\WINGO\TEACHING\OBJECTORIENTEDPROGRAMMING\ASSIGNMENTS\HW03_201702\OOP_HW03_SOLUTION_NET2010\RELEASE\VECTOR3D.OBJ
D:\users\wingo\teaching\ObjectOrientedProgramming\assignments\hw03_201802\OOP_HW03_Solution_NET2010\Release\asm.vcxprojResolveAssemblyReference.cache
D:\USERS\WINGO\TEACHING\OBJECTORIENTEDPROGRAMMING\ASSIGNMENTS\HW03_201802\OOP_HW03_SOLUTION_NET2010\RELEASE\BASIC_APP.OBJ
D:\USERS\WINGO\TEACHING\OBJECTORIENTEDPROGRAMMING\ASSIGNMENTS\HW03_201802\OOP_HW03_SOLUTION_NET2010\RELEASE\BASIC_TOOLS.OBJ
D:\USERS\WINGO\TEACHING\OBJECTORIENTEDPROGRAMMING\ASSIGNMENTS\HW03_201802\OOP_HW03_SOLUTION_NET2010\RELEASE\BG_GRID2D.OBJ
D:\USERS\WINGO\TEACHING\OBJECTORIENTEDPROGRAMMING\ASSIGNMENTS\HW03_201802\OOP_HW03_SOLUTION_NET2010\RELEASE\BOARDGAME.OBJ
D:\USERS\WINGO\TEACHING\OBJECTORIENTEDPROGRAMMING\ASSIGNMENTS\HW03_201802\OOP_HW03_SOLUTION_NET2010\RELEASE\BOARDGAMEAPP.OBJ
D:\USERS\WINGO\TEACHING\OBJECTORIENTEDPROGRAMMING\ASSIGNMENTS\HW03_201802\OOP_HW03_SOLUTION_NET2010\RELEASE\CAMERA.OBJ
D:\users\wingo\teaching\ObjectOrientedProgramming\assignments\hw03_201802\OOP_HW03_Solution_NET2010\Release\cl.command.1.tlog
D:\users\wingo\teaching\ObjectOrientedProgramming\assignments\hw03_201802\OOP_HW03_Solution_NET2010\Release\CL.read.1.tlog
D:\users\wingo\teaching\ObjectOrientedProgramming\assignments\hw03_201802\OOP_HW03_Solution_NET2010\Release\CL.write.1.tlog
D:\USERS\WINGO\TEACHING\OBJECTORIENTEDPROGRAMMING\ASSIGNMENTS\HW03_201802\OOP_HW03_SOLUTION_NET2010\RELEASE\FILEREADER.OBJ
D:\USERS\WINGO\TEACHING\OBJECTORIENTEDPROGRAMMING\ASSIGNMENTS\HW03_201802\OOP_HW03_SOLUTION_NET2010\RELEASE\FREECANVAS2D.OBJ
D:\USERS\WINGO\TEACHING\OBJECTORIENTEDPROGRAMMING\ASSIGNMENTS\HW03_201802\OOP_HW03_SOLUTION_NET2010\RELEASE\GRID2D.OBJ
D:\USERS\WINGO\TEACHING\OBJECTORIENTEDPROGRAMMING\ASSIGNMENTS\HW03_201802\OOP_HW03_SOLUTION_NET2010\RELEASE\IMAGEREADER.OBJ
D:\USERS\WINGO\TEACHING\OBJECTORIENTEDPROGRAMMING\ASSIGNMENTS\HW03_201802\OOP_HW03_SOLUTION_NET2010\RELEASE\LATTICE_MANAGER.OBJ
D:\users\wingo\teaching\ObjectOrientedProgramming\assignments\hw03_201802\OOP_HW03_Solution_NET2010\Release\link.command.1.tlog
D:\users\wingo\teaching\ObjectOrientedProgramming\assignments\hw03_201802\OOP_HW03_Solution_NET2010\Release\link.read.1.tlog
D:\users\wingo\teaching\ObjectOrientedProgramming\assignments\hw03_201802\OOP_HW03_Solution_NET2010\Release\link.write.1.tlog
D:\USERS\WINGO\TEACHING\OBJECTORIENTEDPROGRAMMING\ASSIGNMENTS\HW03_201802\OOP_HW03_SOLUTION_NET2010\RELEASE\MAIN.OBJ
D:\users\wingo\teaching\ObjectOrientedProgramming\assignments\hw03_201802\OOP_HW03_Solution_NET2010\Release\mt.command.1.tlog
D:\users\wingo\teaching\ObjectOrientedProgramming\assignments\hw03_201802\OOP_HW03_Solution_NET2010\Release\mt.read.1.tlog
D:\users\wingo\teaching\ObjectOrientedProgramming\assignments\hw03_201802\OOP_HW03_Solution_NET2010\Release\mt.write.1.tlog
D:\USERS\WINGO\TEACHING\OBJECTORIENTEDPROGRAMMING\ASSIGNMENTS\HW03_201802\OOP_HW03_SOLUTION_NET2010\RELEASE\MYBASICTOOLS.OBJ
D:\USERS\WINGO\TEACHING\OBJECTORIENTEDPROGRAMMING\ASSIGNMENTS\HW03_201802\OOP_HW03_SOLUTION_NET2010\RELEASE\MYSYSTEM_2048.OBJ
D:\USERS\WINGO\TEACHING\OBJECTORIENTEDPROGRAMMING\ASSIGNMENTS\HW03_201802\OOP_HW03_SOLUTION_NET2010\RELEASE\MYSYSTEM_2048_DRAW.OBJ
D:\USERS\WINGO\TEACHING\OBJECTORIENTEDPROGRAMMING\ASSIGNMENTS\HW03_201802\OOP_HW03_SOLUTION_NET2010\RELEASE\MYSYSTEM_COLORPALETTE.OBJ
D:\USERS\WINGO\TEACHING\OBJECTORIENTEDPROGRAMMING\ASSIGNMENTS\HW03_201802\OOP_HW03_SOLUTION_NET2010\RELEASE\MYSYSTEM_GALAXYSYSTEM.OBJ
D:\USERS\WINGO\TEACHING\OBJECTORIENTEDPROGRAMMING\ASSIGNMENTS\HW03_201802\OOP_HW03_SOLUTION_NET2010\RELEASE\MYSYSTEM_GRAPHSYSTEM.OBJ
D:\USERS\WINGO\TEACHING\OBJECTORIENTEDPROGRAMMING\ASSIGNMENTS\HW03_201802\OOP_HW03_SOLUTION_NET2010\RELEASE\MYSYSTEM_GRAPHSYSTEM_DRAW.OBJ
D:\USERS\WINGO\TEACHING\OBJECTORIENTEDPROGRAMMING\ASSIGNMENTS\HW03_201802\OOP_HW03_SOLUTION_NET2010\RELEASE\MYSYSTEM_IMAGEEDITOR.OBJ
D:\USERS\WINGO\TEACHING\OBJECTORIENTEDPROGRAMMING\ASSIGNMENTS\HW03_201802\OOP_HW03_SOLUTION_NET2010\RELEASE\MYSYSTEM_MONTECARLO.OBJ
D:\USERS\WINGO\TEACHING\OBJECTORIENTEDPROGRAMMING\ASSIGNMENTS\HW03_201802\OOP_HW03_SOLUTION_NET2010\RELEASE\MYSYSTEM_SIMPLEFILEEDITOR.OBJ
D:\USERS\WINGO\TEACHING\OBJECTORIENTEDPROGRAMMING\ASSIGNMENTS\HW03_201802\OOP_HW03_SOLUTION_NET2010\RELEASE\MYSYSTEM_SIMPLEPAINTER.OBJ
D:\USERS\WINGO\TEACHING\OBJECTORIENTEDPROGRAMMING\ASSIGNMENTS\HW03_201802\OOP_HW03_SOLUTION_NET2010\RELEASE\MYSYSTEM_SORTINGVISUALIZATION.OBJ
D:\USERS\WINGO\TEACHING\OBJECTORIENTEDPROGRAMMING\ASSIGNMENTS\HW03_201802\OOP_HW03_SOLUTION_NET2010\RELEASE\MYSYSTEM_TRAFFIC.OBJ
D:\USERS\WINGO\TEACHING\OBJECTORIENTEDPROGRAMMING\ASSIGNMENTS\HW03_201802\OOP_HW03_SOLUTION_NET2010\RELEASE\MYSYSTEM_TRAFFIC_DRAW.OBJ
D:\USERS\WINGO\TEACHING\OBJECTORIENTEDPROGRAMMING\ASSIGNMENTS\HW03_201802\OOP_HW03_SOLUTION_NET2010\RELEASE\MYSYSTEMAPP.OBJ
D:\USERS\WINGO\TEACHING\OBJECTORIENTEDPROGRAMMING\ASSIGNMENTS\HW03_201802\OOP_HW03_SOLUTION_NET2010\RELEASE\MYSYSTEMAPP_DRAW.OBJ
D:\USERS\WINGO\TEACHING\OBJECTORIENTEDPROGRAMMING\ASSIGNMENTS\HW03_201802\OOP_HW03_SOLUTION_NET2010\RELEASE\MYSYSTEMAPP_HANDLEEVENTS.OBJ
D:\USERS\WINGO\TEACHING\OBJECTORIENTEDPROGRAMMING\ASSIGNMENTS\HW03_201802\OOP_HW03_SOLUTION_NET2010\RELEASE\OPENGL_STUFF.OBJ
D:\USERS\WINGO\TEACHING\OBJECTORIENTEDPROGRAMMING\ASSIGNMENTS\HW03_201802\OOP_HW03_SOLUTION_NET2010\RELEASE\OPENGLAPP.EVENTS.OBJ
D:\USERS\WINGO\TEACHING\OBJECTORIENTEDPROGRAMMING\ASSIGNMENTS\HW03_201802\OOP_HW03_SOLUTION_NET2010\RELEASE\OPENGLAPP.OBJ
D:\USERS\WINGO\TEACHING\OBJECTORIENTEDPROGRAMMING\ASSIGNMENTS\HW03_201802\OOP_HW03_SOLUTION_NET2010\RELEASE\OPENGLAPP_DRAW.OBJ
D:\USERS\WINGO\TEACHING\OBJECTORIENTEDPROGRAMMING\ASSIGNMENTS\HW03_201802\OOP_HW03_SOLUTION_NET2010\RELEASE\OPENGLAPP_INIT.OBJ
D:\USERS\WINGO\TEACHING\OBJECTORIENTEDPROGRAMMING\ASSIGNMENTS\HW03_201802\OOP_HW03_SOLUTION_NET2010\RELEASE\OPENGLAPP_UPDATE.OBJ
D:\USERS\WINGO\TEACHING\OBJECTORIENTEDPROGRAMMING\ASSIGNMENTS\HW03_201802\OOP_HW03_SOLUTION_NET2010\RELEASE\PAINTER.OBJ
D:\USERS\WINGO\TEACHING\OBJECTORIENTEDPROGRAMMING\ASSIGNMENTS\HW03_201802\OOP_HW03_SOLUTION_NET2010\RELEASE\PAINTER_DRAW.OBJ
D:\USERS\WINGO\TEACHING\OBJECTORIENTEDPROGRAMMING\ASSIGNMENTS\HW03_201802\OOP_HW03_SOLUTION_NET2010\RELEASE\PAINTINGSYSTEM.OBJ
D:\USERS\WINGO\TEACHING\OBJECTORIENTEDPROGRAMMING\ASSIGNMENTS\HW03_201802\OOP_HW03_SOLUTION_NET2010\RELEASE\PAINTINGSYSTEMAPP.OBJ
D:\USERS\WINGO\TEACHING\OBJECTORIENTEDPROGRAMMING\ASSIGNMENTS\HW03_201802\OOP_HW03_SOLUTION_NET2010\RELEASE\PAINTINGSYSTEMAPP_DRAW.OBJ
D:\USERS\WINGO\TEACHING\OBJECTORIENTEDPROGRAMMING\ASSIGNMENTS\HW03_201802\OOP_HW03_SOLUTION_NET2010\RELEASE\PAINTINGSYSTEMAPP_HANDLEEVENTS.OBJ
D:\USERS\WINGO\TEACHING\OBJECTORIENTEDPROGRAMMING\ASSIGNMENTS\HW03_201802\OOP_HW03_SOLUTION_NET2010\RELEASE\PROVIDER.OBJ
D:\users\wingo\teaching\ObjectOrientedProgramming\assignments\hw03_201802\OOP_HW03_Solution_NET2010\Release\SelfMotivatedSystem.exe.intermediate.manifest
D:\users\wingo\teaching\ObjectOrientedProgramming\assignments\hw03_201802\OOP_HW03_Solution_NET2010\Release\SelfMotivatedSystem.pdb
D:\users\wingo\teaching\ObjectOrientedProgramming\assignments\hw03_201802\OOP_HW03_Solution_NET2010\Release\SelfMotivatedSystem.write.1.tlog
D:\USERS\WINGO\TEACHING\OBJECTORIENTEDPROGRAMMING\ASSIGNMENTS\HW03_201802\OOP_HW03_SOLUTION_NET2010\RELEASE\TEXTURE.OBJ
D:\USERS\WINGO\TEACHING\OBJECTORIENTEDPROGRAMMING\ASSIGNMENTS\HW03_201802\OOP_HW03_SOLUTION_NET2010\RELEASE\TEXTUREMANAGER.OBJ
D:\USERS\WINGO\TEACHING\OBJECTORIENTEDPROGRAMMING\ASSIGNMENTS\HW03_201802\OOP_HW03_SOLUTION_NET2010\RELEASE\TEXTUREMANAGER_READ.OBJ
D:\USERS\WINGO\TEACHING\OBJECTORIENTEDPROGRAMMING\ASSIGNMENTS\HW03_201802\OOP_HW03_SOLUTION_NET2010\RELEASE\VC100.PDB
D:\USERS\WINGO\TEACHING\OBJECTORIENTEDPROGRAMMING\ASSIGNMENTS\HW03_201802\OOP_HW03_SOLUTION_NET2010\RELEASE\VECTOR3D.OBJ
D:\USERS\WINGO\TEACHING\OBJECTORIENTEDPROGRAMMING\ASSIGNMENTS\OOP_HW03_SOLUTION_NET2010\BIN\RELEASE\SELFMOTIVATEDSYSTEM.EXE
D:\USERS\WINGO\TEACHING\OBJECTORIENTEDPROGRAMMING\ASSIGNMENTS\OOP_HW03_SOLUTION_NET2010\RELEASE\BASIC_APP.OBJ
D:\USERS\WINGO\TEACHING\OBJECTORIENTEDPROGRAMMING\ASSIGNMENTS\OOP_HW03_SOLUTION_NET2010\RELEASE\BASIC_TOOLS.OBJ
D:\USERS\WINGO\TEACHING\OBJECTORIENTEDPROGRAMMING\ASSIGNMENTS\OOP_HW03_SOLUTION_NET2010\RELEASE\BG_GRID2D.OBJ
D:\USERS\WINGO\TEACHING\OBJECTORIENTEDPROGRAMMING\ASSIGNMENTS\OOP_HW03_SOLUTION_NET2010\RELEASE\BOARDGAME.OBJ
D:\USERS\WINGO\TEACHING\OBJECTORIENTEDPROGRAMMING\ASSIGNMENTS\OOP_HW03_SOLUTION_NET2010\RELEASE\BOARDGAMEAPP.OBJ
D:\USERS\WINGO\TEACHING\OBJECTORIENTEDPROGRAMMING\ASSIGNMENTS\OOP_HW03_SOLUTION_NET2010\RELEASE\CAMERA.OBJ
D:\USERS\WINGO\TEACHING\OBJECTORIENTEDPROGRAMMING\ASSIGNMENTS\OOP_HW03_SOLUTION_NET2010\RELEASE\FILEREADER.OBJ
D:\USERS\WINGO\TEACHING\OBJECTORIENTEDPROGRAMMING\ASSIGNMENTS\OOP_HW03_SOLUTION_NET2010\RELEASE\FREECANVAS2D.OBJ
D:\USERS\WINGO\TEACHING\OBJECTORIENTEDPROGRAMMING\ASSIGNMENTS\OOP_HW03_SOLUTION_NET2010\RELEASE\GRID2D.OBJ
D:\USERS\WINGO\TEACHING\OBJECTORIENTEDPROGRAMMING\ASSIGNMENTS\OOP_HW03_SOLUTION_NET2010\RELEASE\IMAGEREADER.OBJ
D:\USERS\WINGO\TEACHING\OBJECTORIENTEDPROGRAMMING\ASSIGNMENTS\OOP_HW03_SOLUTION_NET2010\RELEASE\LATTICE_MANAGER.OBJ
D:\USERS\WINGO\TEACHING\OBJECTORIENTEDPROGRAMMING\ASSIGNMENTS\OOP_HW03_SOLUTION_NET2010\RELEASE\MAIN.OBJ
D:\USERS\WINGO\TEACHING\OBJECTORIENTEDPROGRAMMING\ASSIGNMENTS\OOP_HW03_SOLUTION_NET2010\RELEASE\MYBASICTOOLS.OBJ
D:\USERS\WINGO\TEACHING\OBJECTORIENTEDPROGRAMMING\ASSIGNMENTS\OOP_HW03_SOLUTION_NET2010\RELEASE\MYSYSTEM_2048.OBJ
D:\USERS\WINGO\TEACHING\OBJECTORIENTEDPROGRAMMING\ASSIGNMENTS\OOP_HW03_SOLUTION_NET2010\RELEASE\MYSYSTEM_2048_DRAW.OBJ
D:\USERS\WINGO\TEACHING\OBJECTORIENTEDPROGRAMMING\ASSIGNMENTS\OOP_HW03_SOLUTION_NET2010\RELEASE\MYSYSTEM_COLORPALETTE.OBJ
D:\USERS\WINGO\TEACHING\OBJECTORIENTEDPROGRAMMING\ASSIGNMENTS\OOP_HW03_SOLUTION_NET2010\RELEASE\MYSYSTEM_GALAXYSYSTEM.OBJ
D:\USERS\WINGO\TEACHING\OBJECTORIENTEDPROGRAMMING\ASSIGNMENTS\OOP_HW03_SOLUTION_NET2010\RELEASE\MYSYSTEM_GRAPHSYSTEM.OBJ
D:\USERS\WINGO\TEACHING\OBJECTORIENTEDPROGRAMMING\ASSIGNMENTS\OOP_HW03_SOLUTION_NET2010\RELEASE\MYSYSTEM_GRAPHSYSTEM_DRAW.OBJ
D:\USERS\WINGO\TEACHING\OBJECTORIENTEDPROGRAMMING\ASSIGNMENTS\OOP_HW03_SOLUTION_NET2010\RELEASE\MYSYSTEM_MONTECARLO.OBJ
D:\USERS\WINGO\TEACHING\OBJECTORIENTEDPROGRAMMING\ASSIGNMENTS\OOP_HW03_SOLUTION_NET2010\RELEASE\MYSYSTEM_SIMPLEFILEEDITOR.OBJ
D:\USERS\WINGO\TEACHING\OBJECTORIENTEDPROGRAMMING\ASSIGNMENTS\OOP_HW03_SOLUTION_NET2010\RELEASE\MYSYSTEM_SIMPLEPAINTER.OBJ
D:\USERS\WINGO\TEACHING\OBJECTORIENTEDPROGRAMMING\ASSIGNMENTS\OOP_HW03_SOLUTION_NET2010\RELEASE\MYSYSTEM_SORTINGVISUALIZATION.OBJ
D:\USERS\WINGO\TEACHING\OBJECTORIENTEDPROGRAMMING\ASSIGNMENTS\OOP_HW03_SOLUTION_NET2010\RELEASE\MYSYSTEM_TRAFFIC.OBJ
D:\USERS\WINGO\TEACHING\OBJECTORIENTEDPROGRAMMING\ASSIGNMENTS\OOP_HW03_SOLUTION_NET2010\RELEASE\MYSYSTEM_TRAFFIC_DRAW.OBJ
D:\USERS\WINGO\TEACHING\OBJECTORIENTEDPROGRAMMING\ASSIGNMENTS\OOP_HW03_SOLUTION_NET2010\RELEASE\MYSYSTEMAPP.OBJ
D:\USERS\WINGO\TEACHING\OBJECTORIENTEDPROGRAMMING\ASSIGNMENTS\OOP_HW03_SOLUTION_NET2010\RELEASE\MYSYSTEMAPP_DRAW.OBJ
D:\USERS\WINGO\TEACHING\OBJECTORIENTEDPROGRAMMING\ASSIGNMENTS\OOP_HW03_SOLUTION_NET2010\RELEASE\MYSYSTEMAPP_HANDLEEVENTS.OBJ
D:\USERS\WINGO\TEACHING\OBJECTORIENTEDPROGRAMMING\ASSIGNMENTS\OOP_HW03_SOLUTION_NET2010\RELEASE\OPENGL_STUFF.OBJ
D:\USERS\WINGO\TEACHING\OBJECTORIENTEDPROGRAMMING\ASSIGNMENTS\OOP_HW03_SOLUTION_NET2010\RELEASE\OPENGLAPP.EVENTS.OBJ
D:\USERS\WINGO\TEACHING\OBJECTORIENTEDPROGRAMMING\ASSIGNMENTS\OOP_HW03_SOLUTION_NET2010\RELEASE\OPENGLAPP.OBJ
D:\USERS\WINGO\TEACHING\OBJECTORIENTEDPROGRAMMING\ASSIGNMENTS\OOP_HW03_SOLUTION_NET2010\RELEASE\OPENGLAPP_DRAW.OBJ
D:\USERS\WINGO\TEACHING\OBJECTORIENTEDPROGRAMMING\ASSIGNMENTS\OOP_HW03_SOLUTION_NET2010\RELEASE\OPENGLAPP_INIT.OBJ
D:\USERS\WINGO\TEACHING\OBJECTORIENTEDPROGRAMMING\ASSIGNMENTS\OOP_HW03_SOLUTION_NET2010\RELEASE\OPENGLAPP_UPDATE.OBJ
D:\USERS\WINGO\TEACHING\OBJECTORIENTEDPROGRAMMING\ASSIGNMENTS\OOP_HW03_SOLUTION_NET2010\RELEASE\PAINTER.OBJ
D:\USERS\WINGO\TEACHING\OBJECTORIENTEDPROGRAMMING\ASSIGNMENTS\OOP_HW03_SOLUTION_NET2010\RELEASE\PAINTER_DRAW.OBJ
D:\USERS\WINGO\TEACHING\OBJECTORIENTEDPROGRAMMING\ASSIGNMENTS\OOP_HW03_SOLUTION_NET2010\RELEASE\PAINTINGSYSTEM.OBJ
D:\USERS\WINGO\TEACHING\OBJECTORIENTEDPROGRAMMING\ASSIGNMENTS\OOP_HW03_SOLUTION_NET2010\RELEASE\PAINTINGSYSTEMAPP.OBJ
D:\USERS\WINGO\TEACHING\OBJECTORIENTEDPROGRAMMING\ASSIGNMENTS\OOP_HW03_SOLUTION_NET2010\RELEASE\PAINTINGSYSTEMAPP_DRAW.OBJ
D:\USERS\WINGO\TEACHING\OBJECTORIENTEDPROGRAMMING\ASSIGNMENTS\OOP_HW03_SOLUTION_NET2010\RELEASE\PAINTINGSYSTEMAPP_HANDLEEVENTS.OBJ
D:\USERS\WINGO\TEACHING\OBJECTORIENTEDPROGRAMMING\ASSIGNMENTS\OOP_HW03_SOLUTION_NET2010\RELEASE\PROVIDER.OBJ
D:\USERS\WINGO\TEACHING\OBJECTORIENTEDPROGRAMMING\ASSIGNMENTS\OOP_HW03_SOLUTION_NET2010\RELEASE\SELFMOTIVATEDSYSTEM.EXE.INTERMEDIATE.MANIFEST
D:\USERS\WINGO\TEACHING\OBJECTORIENTEDPROGRAMMING\ASSIGNMENTS\OOP_HW03_SOLUTION_NET2010\RELEASE\SELFMOTIVATEDSYSTEM.PDB
D:\USERS\WINGO\TEACHING\OBJECTORIENTEDPROGRAMMING\ASSIGNMENTS\OOP_HW03_SOLUTION_NET2010\RELEASE\TEXTURE.OBJ
D:\USERS\WINGO\TEACHING\OBJECTORIENTEDPROGRAMMING\ASSIGNMENTS\OOP_HW03_SOLUTION_NET2010\RELEASE\TEXTUREMANAGER.OBJ
D:\USERS\WINGO\TEACHING\OBJECTORIENTEDPROGRAMMING\ASSIGNMENTS\OOP_HW03_SOLUTION_NET2010\RELEASE\TEXTUREMANAGER_READ.OBJ
D:\USERS\WINGO\TEACHING\OBJECTORIENTEDPROGRAMMING\ASSIGNMENTS\OOP_HW03_SOLUTION_NET2010\RELEASE\VC100.PDB
D:\USERS\WINGO\TEACHING\OBJECTORIENTEDPROGRAMMING\ASSIGNMENTS\OOP_HW03_SOLUTION_NET2010\RELEASE\VECTOR3D.OBJ
