D:\users\wingo\teaching\ObjectOrientedProgramming\assignments\OOP_AssignmentTemplate_NET2010\Release\basic_app.obj
D:\users\wingo\teaching\ObjectOrientedProgramming\assignments\OOP_AssignmentTemplate_NET2010\Release\basic_tools.obj
D:\users\wingo\teaching\ObjectOrientedProgramming\assignments\OOP_AssignmentTemplate_NET2010\Release\BG_grid2D.obj
D:\users\wingo\teaching\ObjectOrientedProgramming\assignments\OOP_AssignmentTemplate_NET2010\Release\boardGame.obj
D:\users\wingo\teaching\ObjectOrientedProgramming\assignments\OOP_AssignmentTemplate_NET2010\Release\boardGameApp.obj
D:\users\wingo\teaching\ObjectOrientedProgramming\assignments\OOP_AssignmentTemplate_NET2010\Release\camera.obj
D:\users\wingo\teaching\ObjectOrientedProgramming\assignments\OOP_AssignmentTemplate_NET2010\Release\fileReader.obj
D:\users\wingo\teaching\ObjectOrientedProgramming\assignments\OOP_AssignmentTemplate_NET2010\Release\freeCanvas2D.obj
D:\users\wingo\teaching\ObjectOrientedProgramming\assignments\OOP_AssignmentTemplate_NET2010\Release\grid2D.obj
D:\users\wingo\teaching\ObjectOrientedProgramming\assignments\OOP_AssignmentTemplate_NET2010\Release\imageReader.obj
D:\users\wingo\teaching\ObjectOrientedProgramming\assignments\OOP_AssignmentTemplate_NET2010\Release\lattice_manager.obj
D:\users\wingo\teaching\ObjectOrientedProgramming\assignments\OOP_AssignmentTemplate_NET2010\Release\main.obj
D:\users\wingo\teaching\ObjectOrientedProgramming\assignments\OOP_AssignmentTemplate_NET2010\Release\mySystem_MonteCarlo.obj
D:\users\wingo\teaching\ObjectOrientedProgramming\assignments\OOP_AssignmentTemplate_NET2010\Release\mySystem_QuadraticFunction.obj
D:\users\wingo\teaching\ObjectOrientedProgramming\assignments\OOP_AssignmentTemplate_NET2010\Release\mySystem_StudentRecordManager.obj
D:\users\wingo\teaching\ObjectOrientedProgramming\assignments\OOP_AssignmentTemplate_NET2010\Release\mySystemApp.obj
D:\users\wingo\teaching\ObjectOrientedProgramming\assignments\OOP_AssignmentTemplate_NET2010\Release\mySystemApp_draw.obj
D:\users\wingo\teaching\ObjectOrientedProgramming\assignments\OOP_AssignmentTemplate_NET2010\Release\mySystemApp_HandleEvents.obj
D:\users\wingo\teaching\ObjectOrientedProgramming\assignments\OOP_AssignmentTemplate_NET2010\Release\opengl_stuff.obj
D:\users\wingo\teaching\ObjectOrientedProgramming\assignments\OOP_AssignmentTemplate_NET2010\Release\openGLapp.events.obj
D:\users\wingo\teaching\ObjectOrientedProgramming\assignments\OOP_AssignmentTemplate_NET2010\Release\openGLapp.obj
D:\users\wingo\teaching\ObjectOrientedProgramming\assignments\OOP_AssignmentTemplate_NET2010\Release\openGLapp_draw.obj
D:\users\wingo\teaching\ObjectOrientedProgramming\assignments\OOP_AssignmentTemplate_NET2010\Release\openGLapp_init.obj
D:\users\wingo\teaching\ObjectOrientedProgramming\assignments\OOP_AssignmentTemplate_NET2010\Release\openGLapp_update.obj
D:\users\wingo\teaching\ObjectOrientedProgramming\assignments\OOP_AssignmentTemplate_NET2010\Release\painter.obj
D:\users\wingo\teaching\ObjectOrientedProgramming\assignments\OOP_AssignmentTemplate_NET2010\Release\painter_draw.obj
D:\users\wingo\teaching\ObjectOrientedProgramming\assignments\OOP_AssignmentTemplate_NET2010\Release\paintingSystem.obj
D:\users\wingo\teaching\ObjectOrientedProgramming\assignments\OOP_AssignmentTemplate_NET2010\Release\paintingSystemApp.obj
D:\users\wingo\teaching\ObjectOrientedProgramming\assignments\OOP_AssignmentTemplate_NET2010\Release\paintingSystemApp_draw.obj
D:\users\wingo\teaching\ObjectOrientedProgramming\assignments\OOP_AssignmentTemplate_NET2010\Release\paintingSystemApp_HandleEvents.obj
D:\users\wingo\teaching\ObjectOrientedProgramming\assignments\OOP_AssignmentTemplate_NET2010\Release\provider.obj
D:\users\wingo\teaching\ObjectOrientedProgramming\assignments\OOP_AssignmentTemplate_NET2010\Release\SimpleOpenGLFramework.exe.intermediate.manifest
D:\users\wingo\teaching\ObjectOrientedProgramming\assignments\OOP_AssignmentTemplate_NET2010\Release\texture.obj
D:\users\wingo\teaching\ObjectOrientedProgramming\assignments\OOP_AssignmentTemplate_NET2010\Release\textureManager.obj
D:\users\wingo\teaching\ObjectOrientedProgramming\assignments\OOP_AssignmentTemplate_NET2010\Release\textureManager_read.obj
D:\users\wingo\teaching\ObjectOrientedProgramming\assignments\OOP_AssignmentTemplate_NET2010\Release\vc90.idb
D:\users\wingo\teaching\ObjectOrientedProgramming\assignments\OOP_AssignmentTemplate_NET2010\Release\vc90.pdb
D:\users\wingo\teaching\ObjectOrientedProgramming\assignments\OOP_AssignmentTemplate_NET2010\Release\vector3d.obj
