已經開始建置於 2021/4/16 下午 07:33:38。
     1>節點 2 (build 目標) 上的專案 "C:\Users\user\Dropbox\交通大學\資料結構與物件導向程式設計\109550206_Lab5\123\109550206_Lab5\109550206_Lab5.vcxproj"。
     1>InitializeBuildStatus:
         由於指定了 "AlwaysCreate"，因此正在建立 "Debug\109550206_Lab5.unsuccessfulbuild"。
       ClCompile:
         C:\Program Files (x86)\Microsoft Visual Studio 10.0\VC\bin\CL.exe /c /ZI /nologo /W3 /WX- /Od /Oy- /D _MBCS /Gm /EHsc /RTC1 /MDd /GS /fp:precise /Zc:wchar_t /Zc:forScope /Fo"Debug\\" /Fd"Debug\vc100.pdb" /Gd /TP /analyze- /errorReport:prompt ..\..\109550206_Lab5\main.cpp
         main.cpp
       Link:
         C:\Program Files (x86)\Microsoft Visual Studio 10.0\VC\bin\link.exe /ERRORREPORT:PROMPT /OUT:"C:\Users\user\Dropbox\交通大學\資料結構與物件導向程式設計\109550206_Lab5\123\109550206_Lab5\Debug\109550206_Lab5.exe" /NOLOGO kernel32.lib user32.lib gdi32.lib winspool.lib comdlg32.lib advapi32.lib shell32.lib ole32.lib oleaut32.lib uuid.lib odbc32.lib odbccp32.lib /MANIFEST /ManifestFile:"Debug\109550206_Lab5.exe.intermediate.manifest" /MANIFESTUAC:"level='asInvoker' uiAccess='false'" /DEBUG /PDB:"C:\Users\user\Dropbox\交通大學\資料結構與物件導向程式設計\109550206_Lab5\123\109550206_Lab5\Debug\109550206_Lab5.pdb" /TLBID:1 /DYNAMICBASE /NXCOMPAT /IMPLIB:"C:\Users\user\Dropbox\交通大學\資料結構與物件導向程式設計\109550206_Lab5\123\109550206_Lab5\Debug\109550206_Lab5.lib" /MACHINE:X86 Debug\main.obj
         Debug\Vector.obj
         LINK : 最後的累加連結找不到或未建置 C:\Users\user\Dropbox\交通大學\資料結構與物件導向程式設計\109550206_Lab5\123\109550206_Lab5\Debug\109550206_Lab5.exe，正在執行完整連結
         109550206_Lab5.vcxproj -> C:\Users\user\Dropbox\交通大學\資料結構與物件導向程式設計\109550206_Lab5\123\109550206_Lab5\Debug\109550206_Lab5.exe
       Manifest:
         C:\Program Files (x86)\Microsoft SDKs\Windows\v7.0A\bin\mt.exe /nologo /verbose /outputresource:"C:\Users\user\Dropbox\交通大學\資料結構與物件導向程式設計\109550206_Lab5\123\109550206_Lab5\Debug\109550206_Lab5.exe;#1" /manifest Debug\109550206_Lab5.exe.intermediate.manifest
       FinalizeBuildStatus:
         正在刪除檔案 "Debug\109550206_Lab5.unsuccessfulbuild"。
         正在變更時間戳記 "Debug\109550206_Lab5.lastbuildstate"。
     1>專案 "C:\Users\user\Dropbox\交通大學\資料結構與物件導向程式設計\109550206_Lab5\123\109550206_Lab5\109550206_Lab5.vcxproj" (build 目標) 建置完成。

建置成功。

經過時間 00:00:01.34
