已經開始建置於 2021/3/23 下午 07:53:28。
     1>節點 2 (build 目標) 上的專案 "C:\Users\user\Desktop\109550206_陳品劭_Programming_Assignment_One\109550206_陳品劭_Programming_Assignment_One\OOP_HW01_NET2010_202102_Template\asm.vcxproj"。
     1>InitializeBuildStatus:
         由於指定了 "AlwaysCreate"，因此正在建立 "Release\myFirstSystem.unsuccessfulbuild"。
       ClCompile:
         C:\Program Files (x86)\Microsoft Visual Studio 10.0\VC\bin\CL.exe /c /I.\Irvine /I.\inc /Zi /nologo /W3 /WX- /O2 /Oy- /GL /D WIN32 /D NDEBUG /D _CONSOLE /D _MBCS /Gm- /EHsc /MD /GS /fp:precise /Zc:wchar_t /Zc:forScope /Fo"Release\\" /Fd"Release\vc100.pdb" /Gd /TP /analyze- /errorReport:prompt 00_StudentWork\00_SimpleInteractiveSystem\mySystem_SineCosineFunction.cpp
         mySystem_SineCosineFunction.cpp
     1>C:\Users\user\Desktop\109550206_陳品劭_Programming_Assignment_One\109550206_陳品劭_Programming_Assignment_One\OOP_HW01_NET2010_202102_Template\inc\GL/gl.h : warning C4819: 檔案含有無法在目前字碼頁 (950) 中表示的字元。請以 Unicode 格式儲存檔案以防止資料遺失
     1>C:\Users\user\Desktop\109550206_陳品劭_Programming_Assignment_One\109550206_陳品劭_Programming_Assignment_One\OOP_HW01_NET2010_202102_Template\inc\GL/gl.h : warning C4819: 檔案含有無法在目前字碼頁 (950) 中表示的字元。請以 Unicode 格式儲存檔案以防止資料遺失
     1>00_StudentWork\00_SimpleInteractiveSystem\mySystem_SineCosineFunction.cpp(94): warning C4244: '=' : 將 'double' 轉換為 'int'，由於型別不同，可能導致資料遺失
     1>00_StudentWork\00_SimpleInteractiveSystem\mySystem_SineCosineFunction.cpp(140): warning C4101: 'e' : 未參考的區域變數
     1>C:\Program Files (x86)\MSBuild\Microsoft.Cpp\v4.0\Microsoft.CppBuild.targets(990,5): warning MSB8012: TargetPath(C:\Users\user\Desktop\109550206_陳品劭_Programming_Assignment_One\109550206_陳品劭_Programming_Assignment_One\OOP_HW01_NET2010_202102_Template\Release\myFirstSystem.exe) 與 Linker 的 OutputFile 屬性值 (C:\Users\user\Desktop\109550206_陳品劭_Programming_Assignment_One\109550206_陳品劭_Programming_Assignment_One\OOP_HW01_NET2010_202102_Template\bin\Release\enjoy_programming.exe) 不相符。這可能會導致您的專案建置不正確。若要改正這種情況，請確認 $(OutDir)、$(TargetName) 和 $(TargetExt) 屬性值必須與 %(Link.OutputFile) 中指定的值相符。
     1>C:\Program Files (x86)\MSBuild\Microsoft.Cpp\v4.0\Microsoft.CppBuild.targets(992,5): warning MSB8012: TargetName(myFirstSystem) 與 Linker 的 OutputFile 屬性值 (enjoy_programming) 不相符。這可能會導致您的專案建置不正確。若要改正這種情況，請確認 $(OutDir)、$(TargetName) 和 $(TargetExt) 屬性值必須與 %(Link.OutputFile) 中指定的值相符。
       Link:
         C:\Program Files (x86)\Microsoft Visual Studio 10.0\VC\bin\link.exe /ERRORREPORT:PROMPT /OUT:".\bin\Release\enjoy_programming.exe" /INCREMENTAL:NO /NOLOGO /LIBPATH:.\Irvine /LIBPATH:.\lib /LIBPATH:.\lib\IL freeglut.lib opengl32.lib glew32.lib glew32s.lib ILUT.lib devIL.lib ILU.lib kernel32.lib user32.lib gdi32.lib winspool.lib comdlg32.lib advapi32.lib shell32.lib ole32.lib oleaut32.lib uuid.lib odbc32.lib odbccp32.lib /MANIFEST /ManifestFile:"Release\myFirstSystem.exe.intermediate.manifest" /MANIFESTUAC:"level='asInvoker' uiAccess='false'" /DEBUG /PDB:"C:\Users\user\Desktop\109550206_陳品劭_Programming_Assignment_One\109550206_陳品劭_Programming_Assignment_One\OOP_HW01_NET2010_202102_Template\Release\myFirstSystem.pdb" /SUBSYSTEM:CONSOLE /OPT:REF /OPT:ICF /LTCG /TLBID:1 /DYNAMICBASE:NO /IMPLIB:"C:\Users\user\Desktop\109550206_陳品劭_Programming_Assignment_One\109550206_陳品劭_Programming_Assignment_One\OOP_HW01_NET2010_202102_Template\Release\myFirstSystem.lib" /MACHINE:X86 Release\mySystem_CubicFunction.obj
         Release\mySystem_SineCosineFunction.obj
         Release\basic_app.obj
         Release\main.obj
         Release\mySystem_MonteCarlo.obj
         Release\mySystem_StudentRecordManager.obj
         Release\mySystemApp.obj
         Release\mySystemApp_draw.obj
         Release\mySystemApp_HandleEvents.obj
         Release\camera.obj
         Release\opengl_stuff.obj
         Release\painter_draw.obj
         Release\openGLapp.obj
         Release\openGLapp.events.obj
         Release\openGLapp_draw.obj
         Release\openGLapp_init.obj
         Release\openGLapp_update.obj
         Release\basic_tools.obj
         Release\grid2D.obj
         Release\provider.obj
         Release\vector3d.obj
         Release\fileReader.obj
         Release\imageReader.obj
         Release\BG_grid2D.obj
         Release\boardGame.obj
         Release\painter.obj
         Release\boardGameApp.obj
         Release\freeCanvas2D.obj
         Release\lattice_manager.obj
         Release\paintingSystem.obj
         Release\paintingSystemApp.obj
         Release\paintingSystemApp_draw.obj
         Release\paintingSystemApp_HandleEvents.obj
         Release\texture.obj
         Release\textureManager.obj
         Release\textureManager_read.obj
         正在產生程式碼
         已完成程式碼產生
         asm.vcxproj -> C:\Users\user\Desktop\109550206_陳品劭_Programming_Assignment_One\109550206_陳品劭_Programming_Assignment_One\OOP_HW01_NET2010_202102_Template\Release\myFirstSystem.exe
       Manifest:
         C:\Program Files (x86)\Microsoft SDKs\Windows\v7.0A\bin\mt.exe /nologo /verbose /outputresource:".\bin\Release\enjoy_programming.exe;#1" /manifest Release\myFirstSystem.exe.intermediate.manifest
       FinalizeBuildStatus:
         正在刪除檔案 "Release\myFirstSystem.unsuccessfulbuild"。
         正在變更時間戳記 "Release\myFirstSystem.lastbuildstate"。
     1>專案 "C:\Users\user\Desktop\109550206_陳品劭_Programming_Assignment_One\109550206_陳品劭_Programming_Assignment_One\OOP_HW01_NET2010_202102_Template\asm.vcxproj" (build 目標) 建置完成。

建置成功。

經過時間 00:00:02.52
