已經開始建置於 2021/3/11 下午 06:43:32。
     1>節點 2 (build 目標) 上的專案 "C:\Users\user\Desktop\109550206_Lab2\109550206_Lab2\109550206_Lab2\109550206_Lab2.vcxproj"。
     1>InitializeBuildStatus:
         由於指定了 "AlwaysCreate"，因此正在建立 "Debug\109550206_Lab2.unsuccessfulbuild"。
       ClCompile:
         C:\Program Files (x86)\Microsoft Visual Studio 10.0\VC\bin\CL.exe /c /ZI /nologo /W3 /WX- /Od /Oy- /D _MBCS /Gm /EHsc /RTC1 /MDd /GS /fp:precise /Zc:wchar_t /Zc:forScope /Fo"Debug\\" /Fd"Debug\vc100.pdb" /Gd /TP /analyze- /errorReport:prompt ..\..\Lab2.cpp
         Lab2.cpp
     1>c:\users\user\desktop\109550206_lab2\lab2.cpp(45): warning C4018: '<' : signed/unsigned 不相符
     1>c:\users\user\desktop\109550206_lab2\lab2.cpp(50): warning C4018: '<' : signed/unsigned 不相符
     1>c:\users\user\desktop\109550206_lab2\lab2.cpp(59): warning C4018: '<' : signed/unsigned 不相符
     1>c:\users\user\desktop\109550206_lab2\lab2.cpp(59): warning C4018: '<' : signed/unsigned 不相符
       Link:
         C:\Program Files (x86)\Microsoft Visual Studio 10.0\VC\bin\link.exe /ERRORREPORT:PROMPT /OUT:"C:\Users\user\Desktop\109550206_Lab2\109550206_Lab2\Debug\109550206_Lab2.exe" /NOLOGO kernel32.lib user32.lib gdi32.lib winspool.lib comdlg32.lib advapi32.lib shell32.lib ole32.lib oleaut32.lib uuid.lib odbc32.lib odbccp32.lib /MANIFEST /ManifestFile:"Debug\109550206_Lab2.exe.intermediate.manifest" /MANIFESTUAC:"level='asInvoker' uiAccess='false'" /DEBUG /PDB:"C:\Users\user\Desktop\109550206_Lab2\109550206_Lab2\Debug\109550206_Lab2.pdb" /TLBID:1 /DYNAMICBASE /NXCOMPAT /IMPLIB:"C:\Users\user\Desktop\109550206_Lab2\109550206_Lab2\Debug\109550206_Lab2.lib" /MACHINE:X86 Debug\Lab2.obj
         LINK : 最後的累加連結找不到或未建置 C:\Users\user\Desktop\109550206_Lab2\109550206_Lab2\Debug\109550206_Lab2.exe，正在執行完整連結
         109550206_Lab2.vcxproj -> C:\Users\user\Desktop\109550206_Lab2\109550206_Lab2\Debug\109550206_Lab2.exe
       Manifest:
         C:\Program Files (x86)\Microsoft SDKs\Windows\v7.0A\bin\mt.exe /nologo /verbose /outputresource:"C:\Users\user\Desktop\109550206_Lab2\109550206_Lab2\Debug\109550206_Lab2.exe;#1" /manifest Debug\109550206_Lab2.exe.intermediate.manifest
       FinalizeBuildStatus:
         正在刪除檔案 "Debug\109550206_Lab2.unsuccessfulbuild"。
         正在變更時間戳記 "Debug\109550206_Lab2.lastbuildstate"。
     1>專案 "C:\Users\user\Desktop\109550206_Lab2\109550206_Lab2\109550206_Lab2\109550206_Lab2.vcxproj" (build 目標) 建置完成。

建置成功。

經過時間 00:00:02.81
