已經開始建置於 2021/4/16 下午 02:16:58。
     1>節點 2 (build 目標) 上的專案 "C:\Users\user\Dropbox\交通大學\資料結構與物件導向程式設計\109550206_Lab6\Lab6_template\109550206_Lab6\109550206_Lab6.vcxproj"。
     1>InitializeBuildStatus:
         正在變更時間戳記 "Debug\109550206_Lab6.unsuccessfulbuild"。
       ClCompile:
         所有輸出都是最新的。
       Link:
         C:\Program Files (x86)\Microsoft Visual Studio 10.0\VC\bin\link.exe /ERRORREPORT:PROMPT /OUT:"C:\Users\user\Dropbox\交通大學\資料結構與物件導向程式設計\109550206_Lab6\Lab6_template\109550206_Lab6\Debug\109550206_Lab6.exe" /NOLOGO kernel32.lib user32.lib gdi32.lib winspool.lib comdlg32.lib advapi32.lib shell32.lib ole32.lib oleaut32.lib uuid.lib odbc32.lib odbccp32.lib /MANIFEST /ManifestFile:"Debug\109550206_Lab6.exe.intermediate.manifest" /MANIFESTUAC:"level='asInvoker' uiAccess='false'" /DEBUG /PDB:"C:\Users\user\Dropbox\交通大學\資料結構與物件導向程式設計\109550206_Lab6\Lab6_template\109550206_Lab6\Debug\109550206_Lab6.pdb" /TLBID:1 /DYNAMICBASE /NXCOMPAT /IMPLIB:"C:\Users\user\Dropbox\交通大學\資料結構與物件導向程式設計\109550206_Lab6\Lab6_template\109550206_Lab6\Debug\109550206_Lab6.lib" /MACHINE:X86 Debug\BigLeaf.obj
         Debug\main.obj
         Debug\Porkball.obj
         Debug\Student.obj
         Debug\TaiwanNumber1.obj
         Debug\Traffic.obj
         109550206_Lab6.vcxproj -> C:\Users\user\Dropbox\交通大學\資料結構與物件導向程式設計\109550206_Lab6\Lab6_template\109550206_Lab6\Debug\109550206_Lab6.exe
       Manifest:
         C:\Program Files (x86)\Microsoft SDKs\Windows\v7.0A\bin\mt.exe /nologo /verbose /outputresource:"C:\Users\user\Dropbox\交通大學\資料結構與物件導向程式設計\109550206_Lab6\Lab6_template\109550206_Lab6\Debug\109550206_Lab6.exe;#1" /manifest Debug\109550206_Lab6.exe.intermediate.manifest
       FinalizeBuildStatus:
         正在刪除檔案 "Debug\109550206_Lab6.unsuccessfulbuild"。
         正在變更時間戳記 "Debug\109550206_Lab6.lastbuildstate"。
     1>專案 "C:\Users\user\Dropbox\交通大學\資料結構與物件導向程式設計\109550206_Lab6\Lab6_template\109550206_Lab6\109550206_Lab6.vcxproj" (build 目標) 建置完成。

建置成功。

經過時間 00:00:00.47
